This is XeTeX, Version 3.14159265-2.6-0.99998 (MiKTeX 2.9.6500 64-bit) (preloaded format=xelatex 2018.4.30)  8 JUN 2018 17:42
entering extended mode
**./main.tex
(main.tex
LaTeX2e <2017-04-15>
Babel <3.15> and hyphenation patterns for 75 language(s) loaded.
("C:\Program Files\MiKTeX 2.9\tex\latex\base\article.cls"
Document Class: article 2014/09/29 v1.4h Standard LaTeX document class
("C:\Program Files\MiKTeX 2.9\tex\latex\base\size12.clo"
File: size12.clo 2014/09/29 v1.4h Standard LaTeX file (size option)
)
\c@part=\count79
\c@section=\count80
\c@subsection=\count81
\c@subsubsection=\count82
\c@paragraph=\count83
\c@subparagraph=\count84
\c@figure=\count85
\c@table=\count86
\abovecaptionskip=\skip41
\belowcaptionskip=\skip42
\bibindent=\dimen102
)
("C:\Program Files\MiKTeX 2.9\tex\latex\geometry\geometry.sty"
Package: geometry 2010/09/12 v5.6 Page Geometry

("C:\Program Files\MiKTeX 2.9\tex\latex\graphics\keyval.sty"
Package: keyval 2014/10/28 v1.15 key=value parser (DPC)
\KV@toks@=\toks14
)
("C:\Program Files\MiKTeX 2.9\tex\generic\oberdiek\ifpdf.sty"
Package: ifpdf 2017/03/15 v3.2 Provides the ifpdf switch
)
("C:\Program Files\MiKTeX 2.9\tex\generic\oberdiek\ifvtex.sty"
Package: ifvtex 2016/05/16 v1.6 Detect VTeX and its facilities (HO)
Package ifvtex Info: VTeX not detected.
)
("C:\Program Files\MiKTeX 2.9\tex\generic\ifxetex\ifxetex.sty"
Package: ifxetex 2010/09/12 v0.6 Provides ifxetex conditional
)
\Gm@cnth=\count87
\Gm@cntv=\count88
\c@Gm@tempcnt=\count89
\Gm@bindingoffset=\dimen103
\Gm@wd@mp=\dimen104
\Gm@odd@mp=\dimen105
\Gm@even@mp=\dimen106
\Gm@layoutwidth=\dimen107
\Gm@layoutheight=\dimen108
\Gm@layouthoffset=\dimen109
\Gm@layoutvoffset=\dimen110
\Gm@dimlist=\toks15

("C:\Program Files\MiKTeX 2.9\tex\xelatex\xetexconfig\geometry.cfg"))
("C:\Users\Georgios Gravanis\AppData\Roaming\MiKTeX\2.9\tex\xelatex\ucharclasse
s\ucharclasses.sty"
Package: ucharclasses 2017/08/10 v2.3.0 Unicode block character classes for XeL
aTeX
\AlphabeticPresentationFormsClass=\XeTeXcharclass1
\BasicLatinClass=\XeTeXcharclass2
\CopticClass=\XeTeXcharclass3
\GreekAndCopticClass=\XeTeXcharclass4
\GreekExtendedClass=\XeTeXcharclass5
\LatinExtendedAdditionalClass=\XeTeXcharclass6
\LatinExtendedAClass=\XeTeXcharclass7
\LatinExtendedBClass=\XeTeXcharclass8
\LatinExtendedCClass=\XeTeXcharclass9
\LatinExtendedDClass=\XeTeXcharclass10
\LatinSupplementClass=\XeTeXcharclass11
\CopticEpactNumbersClass=\XeTeXcharclass12
\LatinExtendedEClass=\XeTeXcharclass13
) ("C:\Program Files\MiKTeX 2.9\tex\latex\xltxtra\xltxtra.sty"
Package: xltxtra 2016/01/21 v0.6 Improvements for the "XeLaTeX" format
 ("C:\Program Files\MiKTeX 2.9\tex\generic\oberdiek\ifluatex.sty"
Package: ifluatex 2016/05/16 v1.4 Provides the ifluatex switch (HO)
Package ifluatex Info: LuaTeX not detected.
)
("C:\Program Files\MiKTeX 2.9\tex\latex\fontspec\fontspec.sty"
("C:\Users\Georgios Gravanis\AppData\Roaming\MiKTeX\2.9\tex\latex\l3packages\xp
arse\xparse.sty"
("C:\Users\Georgios Gravanis\AppData\Roaming\MiKTeX\2.9\tex\latex\l3kernel\expl
3.sty"
Package: expl3 2018/03/05 L3 programming layer (loader) 

("C:\Users\Georgios Gravanis\AppData\Roaming\MiKTeX\2.9\tex\latex\l3kernel\expl
3-code.tex"
Package: expl3 2018/03/05 L3 programming layer (code)
\c_max_int=\count90
\l_tmpa_int=\count91
\l_tmpb_int=\count92
\g_tmpa_int=\count93
\g_tmpb_int=\count94
\g__intarray_font_int=\count95
\g__prg_map_int=\count96
\c_log_iow=\count97
\l_iow_line_count_int=\count98
\l__iow_line_target_int=\count99
\l__iow_one_indent_int=\count100
\l__iow_indent_int=\count101
\c_zero_dim=\dimen111
\c_max_dim=\dimen112
\l_tmpa_dim=\dimen113
\l_tmpb_dim=\dimen114
\g_tmpa_dim=\dimen115
\g_tmpb_dim=\dimen116
\c_zero_skip=\skip43
\c_max_skip=\skip44
\l_tmpa_skip=\skip45
\l_tmpb_skip=\skip46
\g_tmpa_skip=\skip47
\g_tmpb_skip=\skip48
\c_zero_muskip=\muskip10
\c_max_muskip=\muskip11
\l_tmpa_muskip=\muskip12
\l_tmpb_muskip=\muskip13
\g_tmpa_muskip=\muskip14
\g_tmpb_muskip=\muskip15
\l_keys_choice_int=\count102
\c__fp_leading_shift_int=\count103
\c__fp_middle_shift_int=\count104
\c__fp_trailing_shift_int=\count105
\c__fp_big_leading_shift_int=\count106
\c__fp_big_middle_shift_int=\count107
\c__fp_big_trailing_shift_int=\count108
\c__fp_Bigg_leading_shift_int=\count109
\c__fp_Bigg_middle_shift_int=\count110
\c__fp_Bigg_trailing_shift_int=\count111
\l__sort_length_int=\count112
\l__sort_min_int=\count113
\l__sort_top_int=\count114
\l__sort_max_int=\count115
\l__sort_true_max_int=\count116
\l__sort_block_int=\count117
\l__sort_begin_int=\count118
\l__sort_end_int=\count119
\l__sort_A_int=\count120
\l__sort_B_int=\count121
\l__sort_C_int=\count122
\l__tl_build_start_index_int=\count123
\l__tl_build_index_int=\count124
\l__tl_analysis_normal_int=\count125
\l__tl_analysis_index_int=\count126
\l__tl_analysis_nesting_int=\count127
\l__tl_analysis_type_int=\count128
\l__regex_internal_a_int=\count129
\l__regex_internal_b_int=\count130
\l__regex_internal_c_int=\count131
\l__regex_balance_int=\count132
\l__regex_group_level_int=\count133
\l__regex_mode_int=\count134
\c__regex_cs_in_class_mode_int=\count135
\c__regex_cs_mode_int=\count136
\l__regex_catcodes_int=\count137
\l__regex_default_catcodes_int=\count138
\c__regex_catcode_L_int=\count139
\c__regex_catcode_O_int=\count140
\c__regex_catcode_A_int=\count141
\c__regex_all_catcodes_int=\count142
\l__regex_show_lines_int=\count143
\l__regex_min_state_int=\count144
\l__regex_max_state_int=\count145
\l__regex_left_state_int=\count146
\l__regex_right_state_int=\count147
\l__regex_capturing_group_int=\count148
\l__regex_min_pos_int=\count149
\l__regex_max_pos_int=\count150
\l__regex_curr_pos_int=\count151
\l__regex_start_pos_int=\count152
\l__regex_success_pos_int=\count153
\l__regex_curr_char_int=\count154
\l__regex_curr_catcode_int=\count155
\l__regex_last_char_int=\count156
\l__regex_case_changed_char_int=\count157
\l__regex_curr_state_int=\count158
\l__regex_step_int=\count159
\l__regex_min_active_int=\count160
\l__regex_max_active_int=\count161
\l__regex_replacement_csnames_int=\count162
\l__regex_match_count_int=\count163
\l__regex_min_submatch_int=\count164
\l__regex_submatch_int=\count165
\l__regex_zeroth_submatch_int=\count166
\g__regex_trace_regex_int=\count167
\c_empty_box=\box26
\l_tmpa_box=\box27
\l_tmpb_box=\box28
\g_tmpa_box=\box29
\g_tmpb_box=\box30
\l__box_top_dim=\dimen117
\l__box_bottom_dim=\dimen118
\l__box_left_dim=\dimen119
\l__box_right_dim=\dimen120
\l__box_top_new_dim=\dimen121
\l__box_bottom_new_dim=\dimen122
\l__box_left_new_dim=\dimen123
\l__box_right_new_dim=\dimen124
\l__box_internal_box=\box31
\l__coffin_internal_box=\box32
\l__coffin_internal_dim=\dimen125
\l__coffin_offset_x_dim=\dimen126
\l__coffin_offset_y_dim=\dimen127
\l__coffin_x_dim=\dimen128
\l__coffin_y_dim=\dimen129
\l__coffin_x_prime_dim=\dimen130
\l__coffin_y_prime_dim=\dimen131
\c_empty_coffin=\box33
\l__coffin_aligned_coffin=\box34
\l__coffin_aligned_internal_coffin=\box35
\l_tmpa_coffin=\box36
\l_tmpb_coffin=\box37
\l__coffin_display_coffin=\box38
\l__coffin_display_coord_coffin=\box39
\l__coffin_display_pole_coffin=\box40
\l__coffin_display_offset_dim=\dimen132
\l__coffin_display_x_dim=\dimen133
\l__coffin_display_y_dim=\dimen134
\l__coffin_bounding_shift_dim=\dimen135
\l__coffin_left_corner_dim=\dimen136
\l__coffin_right_corner_dim=\dimen137
\l__coffin_bottom_corner_dim=\dimen138
\l__coffin_top_corner_dim=\dimen139
\l__coffin_scaled_total_height_dim=\dimen140
\l__coffin_scaled_width_dim=\dimen141
)
("C:\Users\Georgios Gravanis\AppData\Roaming\MiKTeX\2.9\tex\latex\l3kernel\l3xd
vipdfmx.def"
File: l3xdvidpfmx.def 2017/03/18 v L3 Experimental driver: xdvipdfmx
\g__driver_image_int=\count168
))
Package: xparse 2018/02/21 L3 Experimental document command parser
\l__xparse_current_arg_int=\count169
\g__xparse_grabber_int=\count170
\l__xparse_m_args_int=\count171
\l__xparse_mandatory_args_int=\count172
\l__xparse_v_nesting_int=\count173
)
Package: fontspec 2017/11/05 v2.6f Font selection for XeLaTeX and LuaLaTeX

("C:\Program Files\MiKTeX 2.9\tex\latex\fontspec\fontspec-xetex.sty"
Package: fontspec-xetex 2017/11/05 v2.6f Font selection for XeLaTeX and LuaLaTe
X
\l__fontspec_script_int=\count174
\l__fontspec_language_int=\count175
\l__fontspec_strnum_int=\count176
\l__fontspec_tmp_int=\count177
\l__fontspec_em_int=\count178
\l__fontspec_emdef_int=\count179
\l__fontspec_strong_int=\count180
\l__fontspec_strongdef_int=\count181
\l__fontspec_tmpa_dim=\dimen142
\l__fontspec_tmpb_dim=\dimen143
\l__fontspec_tmpc_dim=\dimen144
\g__file_internal_ior=\read1

("C:\Program Files\MiKTeX 2.9\tex\latex\base\fontenc.sty"
Package: fontenc 2017/04/05 v2.0i Standard LaTeX package

("C:\Program Files\MiKTeX 2.9\tex\latex\base\tuenc.def"
File: tuenc.def 2017/04/05 v2.0i Standard LaTeX file
LaTeX Font Info:    Redeclaring font encoding TU on input line 82.
))
.................................................
. LaTeX info: "xparse/define-command"
. 
. Defining command \fontspec with sig. 'O{}mO{}' on line 546.
.................................................
.................................................
. LaTeX info: "xparse/define-command"
. 
. Defining command \setmainfont with sig. 'O{}mO{}' on line 550.
.................................................
.................................................
. LaTeX info: "xparse/define-command"
. 
. Defining command \setsansfont with sig. 'O{}mO{}' on line 554.
.................................................
.................................................
. LaTeX info: "xparse/define-command"
. 
. Defining command \setmonofont with sig. 'O{}mO{}' on line 558.
.................................................
.................................................
. LaTeX info: "xparse/define-command"
. 
. Defining command \setmathrm with sig. 'O{}mO{}' on line 562.
.................................................
.................................................
. LaTeX info: "xparse/define-command"
. 
. Defining command \setboldmathrm with sig. 'O{}mO{}' on line 566.
.................................................
.................................................
. LaTeX info: "xparse/define-command"
. 
. Defining command \setmathsf with sig. 'O{}mO{}' on line 570.
.................................................
.................................................
. LaTeX info: "xparse/define-command"
. 
. Defining command \setmathtt with sig. 'O{}mO{}' on line 574.
.................................................
.................................................
. LaTeX info: "xparse/define-command"
. 
. Defining command \setromanfont with sig. 'O{}mO{}' on line 578.
.................................................
.................................................
. LaTeX info: "xparse/define-command"
. 
. Defining command \newfontfamily with sig. 'mO{}mO{}' on line 582.
.................................................
.................................................
. LaTeX info: "xparse/define-command"
. 
. Defining command \newfontface with sig. 'mO{}mO{}' on line 586.
.................................................
.................................................
. LaTeX info: "xparse/define-command"
. 
. Defining command \defaultfontfeatures with sig. 't+om' on line 590.
.................................................
.................................................
. LaTeX info: "xparse/define-command"
. 
. Defining command \addfontfeatures with sig. 'm' on line 594.
.................................................
.................................................
. LaTeX info: "xparse/define-command"
. 
. Defining command \addfontfeature with sig. 'm' on line 598.
.................................................
.................................................
. LaTeX info: "xparse/define-command"
. 
. Defining command \newfontfeature with sig. 'mm' on line 602.
.................................................
.................................................
. LaTeX info: "xparse/define-command"
. 
. Defining command \newAATfeature with sig. 'mmmm' on line 606.
.................................................
.................................................
. LaTeX info: "xparse/define-command"
. 
. Defining command \newopentypefeature with sig. 'mmm' on line 610.
.................................................
.................................................
. LaTeX info: "xparse/define-command"
. 
. Defining command \newICUfeature with sig. 'mmm' on line 614.
.................................................
.................................................
. LaTeX info: "xparse/define-command"
. 
. Defining command \aliasfontfeature with sig. 'mm' on line 618.
.................................................
.................................................
. LaTeX info: "xparse/define-command"
. 
. Defining command \aliasfontfeatureoption with sig. 'mmm' on line 622.
.................................................
.................................................
. LaTeX info: "xparse/define-command"
. 
. Defining command \newfontscript with sig. 'mm' on line 626.
.................................................
.................................................
. LaTeX info: "xparse/define-command"
. 
. Defining command \newfontlanguage with sig. 'mm' on line 630.
.................................................
.................................................
. LaTeX info: "xparse/define-command"
. 
. Defining command \DeclareFontsExtensions with sig. 'm' on line 634.
.................................................
.................................................
. LaTeX info: "xparse/define-command"
. 
. Defining command \IfFontFeatureActiveTF with sig. 'mmm' on line 638.
.................................................
.................................................
. LaTeX info: "xparse/define-command"
. 
. Defining command \EncodingCommand with sig. 'mO{}m' on line 3636.
.................................................
.................................................
. LaTeX info: "xparse/define-command"
. 
. Defining command \EncodingAccent with sig. 'mm' on line 3642.
.................................................
.................................................
. LaTeX info: "xparse/define-command"
. 
. Defining command \EncodingSymbol with sig. 'mm' on line 3648.
.................................................
.................................................
. LaTeX info: "xparse/define-command"
. 
. Defining command \EncodingComposite with sig. 'mmm' on line 3654.
.................................................
.................................................
. LaTeX info: "xparse/define-command"
. 
. Defining command \EncodingCompositeCommand with sig. 'mmm' on line 3660.
.................................................
.................................................
. LaTeX info: "xparse/define-command"
. 
. Defining command \DeclareUnicodeEncoding with sig. 'mm' on line 3685.
.................................................
.................................................
. LaTeX info: "xparse/define-command"
. 
. Defining command \UndeclareSymbol with sig. 'm' on line 3691.
.................................................
.................................................
. LaTeX info: "xparse/define-command"
. 
. Defining command \UndeclareAccent with sig. 'm' on line 3697.
.................................................
.................................................
. LaTeX info: "xparse/define-command"
. 
. Defining command \UndeclareCommand with sig. 'm' on line 3703.
.................................................
.................................................
. LaTeX info: "xparse/define-command"
. 
. Defining command \UndeclareComposite with sig. 'mm' on line 3710.
.................................................

("C:\Program Files\MiKTeX 2.9\tex\latex\fontspec\fontspec.cfg")
LaTeX Info: Redefining \itshape on input line 3895.
LaTeX Info: Redefining \slshape on input line 3900.
LaTeX Info: Redefining \scshape on input line 3905.
LaTeX Info: Redefining \upshape on input line 3910.
LaTeX Info: Redefining \em on input line 3940.
LaTeX Info: Redefining \emph on input line 3965.
LaTeX Info: Redefining \- on input line 4019.
.................................................
. LaTeX info: "xparse/redefine-command"
. 
. Redefining command \oldstylenums with sig. 'm' on line 4114.
.................................................
.................................................
. LaTeX info: "xparse/define-command"
. 
. Defining command \liningnums with sig. 'm' on line 4118.
.................................................
))
("C:\Users\Georgios Gravanis\AppData\Roaming\MiKTeX\2.9\tex\latex\realscripts\r
ealscripts.sty"
Package: realscripts 2016/02/13 v0.3d Access OpenType subscripts and superscrip
ts
.................................................
. LaTeX info: "xparse/define-command"
. 
. Defining command \fakesubscript with sig. 'm' on line 19.
.................................................
.................................................
. LaTeX info: "xparse/define-command"
. 
. Defining command \fakesuperscript with sig. 'm' on line 22.
.................................................
.................................................
. LaTeX info: "xparse/redefine-command"
. 
. Redefining command \textsubscript with sig. 's' on line 25.
.................................................
.................................................
. LaTeX info: "xparse/redefine-command"
. 
. Redefining command \textsuperscript with sig. 's' on line 28.
.................................................
.................................................
. LaTeX info: "xparse/define-command"
. 
. Defining command \realsubscript with sig. 'm' on line 45.
.................................................
.................................................
. LaTeX info: "xparse/define-command"
. 
. Defining command \realsuperscript with sig. 'm' on line 60.
.................................................
.................................................
. LaTeX info: "xparse/define-command"
. 
. Defining command \textsubsuperscript with sig. 'sO{l}mm' on line 138.
.................................................
.................................................
. LaTeX info: "xparse/define-command"
. 
. Defining command \textsupersubscript with sig. 'sO{l}mm' on line 143.
.................................................
\subsupersep=\dimen145
)
("C:\Users\Georgios Gravanis\AppData\Roaming\MiKTeX\2.9\tex\latex\metalogo\meta
logo.sty"
Package: metalogo 2010/05/29 v0.12 Extended TeX logo macros
 ("C:\Program Files\MiKTeX 2.9\tex\latex\graphics\graphicx.sty"
Package: graphicx 2017/06/01 v1.1a Enhanced LaTeX Graphics (DPC,SPQR)

("C:\Program Files\MiKTeX 2.9\tex\latex\graphics\graphics.sty"
Package: graphics 2017/06/25 v1.2c Standard LaTeX Graphics (DPC,SPQR)

("C:\Program Files\MiKTeX 2.9\tex\latex\graphics\trig.sty"
Package: trig 2016/01/03 v1.10 sin cos tan (DPC)
)
("C:\Program Files\MiKTeX 2.9\tex\latex\graphics-cfg\graphics.cfg"
File: graphics.cfg 2016/06/04 v1.11 sample graphics configuration
)
Package graphics Info: Driver file: xetex.def on input line 99.

("C:\Program Files\MiKTeX 2.9\tex\latex\graphics-def\xetex.def"
File: xetex.def 2017/06/24 v5.0h Graphics/color driver for xetex
))
\Gin@req@height=\dimen146
\Gin@req@width=\dimen147
)
\xl@everylogo=\toks16
\xl@@everylogo=\toks17
LaTeX Info: Redefining \TeX on input line 193.
LaTeX Info: Redefining \LaTeX on input line 202.
LaTeX Info: Redefining \LaTeXe on input line 219.
)
\l__xetex_show_hyphens_wrapping_box=\box41
\l__xetex_show_hyphens_temp_box=\box42
\l__xetex_show_hyphens_final_box=\box43
\g__xetex_show_hyphens_word_box=\box44
)
("C:\Program Files\MiKTeX 2.9\tex\xelatex\xgreek\xgreek.sty"
File: xgreek.sty 2017/02/10 v3.0 Package `xgreek.sty'

Package `xgreek' version 3.0 by Apostolos Syropoulos
\@attic@num=\count182
)
\g__fontspec_family_LinuxLibertineO_int=\count183
.................................................
. fontspec info: "defining-font"
. 
. Font family 'LinuxLibertineO(0)' created for font 'Linux Libertine O' with
. options [Ligatures=TeX,Kerning=On,Mapping=tex-text].
.  
.  This font family consists of the following NFSS series/shapes:
.  
. - 'normal' (m/n) with NFSS spec.: <->"Linux Libertine
. O/OT:script=latn;language=DFLT;+kern;mapping=tex-text;"
. - 'small caps'  (m/sc) with NFSS spec.: <->"Linux Libertine
. O/OT:script=latn;language=DFLT;+kern;+smcp;mapping=tex-text;"
. - 'bold' (bx/n) with NFSS spec.: <->"Linux Libertine
. O/B/OT:script=latn;language=DFLT;+kern;mapping=tex-text;"
. - 'bold small caps'  (bx/sc) with NFSS spec.: <->"Linux Libertine
. O/B/OT:script=latn;language=DFLT;+kern;+smcp;mapping=tex-text;"
. - 'italic' (m/it) with NFSS spec.: <->"Linux Libertine
. O/I/OT:script=latn;language=DFLT;+kern;mapping=tex-text;"
. - 'italic small caps'  (m/itsc) with NFSS spec.: <->"Linux Libertine
. O/I/OT:script=latn;language=DFLT;+kern;+smcp;mapping=tex-text;"
. - 'bold italic' (bx/it) with NFSS spec.: <->"Linux Libertine
. O/BI/OT:script=latn;language=DFLT;+kern;mapping=tex-text;"
. - 'bold italic small caps'  (bx/itsc) with NFSS spec.: <->"Linux Libertine
. O/BI/OT:script=latn;language=DFLT;+kern;+smcp;mapping=tex-text;"
.................................................
LaTeX Info: Redefining \rmfamily on input line 20.

("C:\Users\Georgios Gravanis\AppData\Roaming\MiKTeX\2.9\tex\latex\setspace\sets
pace.sty"
Package: setspace 2011/12/19 v6.7a set line spacing
) ("C:\Program Files\MiKTeX 2.9\tex\latex\amsmath\amsmath.sty"
Package: amsmath 2017/09/02 v2.17a AMS math features
\@mathmargin=\skip49

For additional information on amsmath, use the `?' option.
("C:\Program Files\MiKTeX 2.9\tex\latex\amsmath\amstext.sty"
Package: amstext 2000/06/29 v2.01 AMS text

("C:\Program Files\MiKTeX 2.9\tex\latex\amsmath\amsgen.sty"
File: amsgen.sty 1999/11/30 v2.0 generic functions
\@emptytoks=\toks18
\ex@=\dimen148
))
("C:\Program Files\MiKTeX 2.9\tex\latex\amsmath\amsbsy.sty"
Package: amsbsy 1999/11/29 v1.2d Bold Symbols
\pmbraise@=\dimen149
)
("C:\Program Files\MiKTeX 2.9\tex\latex\amsmath\amsopn.sty"
Package: amsopn 2016/03/08 v2.02 operator names
)
\inf@bad=\count184
LaTeX Info: Redefining \frac on input line 213.
\uproot@=\count185
\leftroot@=\count186
LaTeX Info: Redefining \overline on input line 375.
\classnum@=\count187
\DOTSCASE@=\count188
LaTeX Info: Redefining \ldots on input line 472.
LaTeX Info: Redefining \dots on input line 475.
LaTeX Info: Redefining \cdots on input line 596.
\Mathstrutbox@=\box45
\strutbox@=\box46
\big@size=\dimen150
LaTeX Font Info:    Redeclaring font encoding OML on input line 712.
LaTeX Font Info:    Redeclaring font encoding OMS on input line 713.
\macc@depth=\count189
\c@MaxMatrixCols=\count190
\dotsspace@=\muskip16
\c@parentequation=\count191
\dspbrk@lvl=\count192
\tag@help=\toks19
\row@=\count193
\column@=\count194
\maxfields@=\count195
\andhelp@=\toks20
\eqnshift@=\dimen151
\alignsep@=\dimen152
\tagshift@=\dimen153
\tagwidth@=\dimen154
\totwidth@=\dimen155
\lineht@=\dimen156
\@envbody=\toks21
\multlinegap=\skip50
\multlinetaggap=\skip51
\mathdisplay@stack=\toks22
LaTeX Info: Redefining \[ on input line 2817.
LaTeX Info: Redefining \] on input line 2818.
)
("C:\Users\Georgios Gravanis\AppData\Roaming\MiKTeX\2.9\tex\latex\unicode-math\
unicode-math.sty"
Package: unicode-math 2018/02/02 vv0.8l Unicode maths in XeLaTeX and LuaLaTeX

("C:\Users\Georgios Gravanis\AppData\Roaming\MiKTeX\2.9\tex\latex\unicode-math\
unicode-math-xetex.sty"
Package: unicode-math-xetex 2018/02/02 vv0.8l Unicode maths in XeLaTeX and LuaL
aTeX

("C:\Users\Georgios Gravanis\AppData\Roaming\MiKTeX\2.9\tex\latex\l3packages\l3
keys2e\l3keys2e.sty"
Package: l3keys2e 2018/02/21 LaTeX2e option processing using LaTeX3 keys
)
("C:\Users\Georgios Gravanis\AppData\Roaming\MiKTeX\2.9\tex\latex\filehook\file
hook.sty"
Package: filehook 2011/10/12 v0.5d Hooks for input files
) ("C:\Program Files\MiKTeX 2.9\tex\latex\base\fix-cm.sty"
Package: fix-cm 2015/01/14 v1.1t fixes to LaTeX

("C:\Program Files\MiKTeX 2.9\tex\latex\base\ts1enc.def"
File: ts1enc.def 2001/06/05 v3.0e (jk/car/fm) Standard LaTeX file
))
\g__um_fam_int=\count196
\g__um_fonts_used_int=\count197
\l__um_primecount_int=\count198
\g__um_primekern_muskip=\muskip17
.................................................
. LaTeX info: "xparse/define-command"
. 
. Defining command \unimathsetup with sig. 'm' on line 269.
.................................................
.................................................
. LaTeX info: "xparse/define-command"
. 
. Defining command \setmathfont with sig. 'O{}mO{}' on line 273.
.................................................
.................................................
. LaTeX info: "xparse/define-command"
. 
. Defining command \setmathfontface with sig. 'mO{}mO{}' on line 277.
.................................................
.................................................
. LaTeX info: "xparse/define-command"
. 
. Defining command \setoperatorfont with sig. 'm' on line 282.
.................................................
.................................................
. LaTeX info: "xparse/define-command"
. 
. Defining command \addnolimits with sig. 'm' on line 287.
.................................................
.................................................
. LaTeX info: "xparse/define-command"
. 
. Defining command \removenolimits with sig. 'm' on line 291.
.................................................

("C:\Users\Georgios Gravanis\AppData\Roaming\MiKTeX\2.9\tex\latex\unicode-math\
unicode-math-table.tex")
.................................................
. unicode-math info: "patch-macro"
. 
. I'm going to patch macro \subarray.
.................................................
.................................................
. unicode-math info: "patch-macro"
. 
. I'm going to patch macro \r@@t.
.................................................
.................................................
. LaTeX info: "xparse/redefine-command"
. 
. Redefining command \not with sig. 'm' on line 3835.
.................................................
.................................................
. LaTeX info: "xparse/define-command"
. 
. Defining command \NewNegationCommand with sig. 'mm' on line 3839.
.................................................
.................................................
. LaTeX info: "xparse/define-command"
. 
. Defining command \RenewNegationCommand with sig. 'mm' on line 3843.
.................................................
))
("C:\Program Files\MiKTeX 2.9\tex\latex\hyperref\hyperref.sty"
Package: hyperref 2017/03/14 v6.85a Hypertext links for LaTeX

("C:\Program Files\MiKTeX 2.9\tex\generic\oberdiek\hobsub-hyperref.sty"
Package: hobsub-hyperref 2016/05/16 v1.14 Bundle oberdiek, subset hyperref (HO)


("C:\Program Files\MiKTeX 2.9\tex\generic\oberdiek\hobsub-generic.sty"
Package: hobsub-generic 2016/05/16 v1.14 Bundle oberdiek, subset generic (HO)
Package: hobsub 2016/05/16 v1.14 Construct package bundles (HO)
Package: infwarerr 2016/05/16 v1.4 Providing info/warning/error messages (HO)
Package: ltxcmds 2016/05/16 v1.23 LaTeX kernel commands for general use (HO)
Package hobsub Info: Skipping package `ifluatex' (already loaded).
Package hobsub Info: Skipping package `ifvtex' (already loaded).
Package: intcalc 2016/05/16 v1.2 Expandable calculations with integers (HO)
Package hobsub Info: Skipping package `ifpdf' (already loaded).
Package: etexcmds 2016/05/16 v1.6 Avoid name clashes with e-TeX commands (HO)
Package etexcmds Info: Could not find \expanded.
(etexcmds)             That can mean that you are not using pdfTeX 1.50 or
(etexcmds)             that some package has redefined \expanded.
(etexcmds)             In the latter case, load this package earlier.
Package: kvsetkeys 2016/05/16 v1.17 Key value parser (HO)
Package: kvdefinekeys 2016/05/16 v1.4 Define keys (HO)
Package: pdftexcmds 2017/03/19 v0.25 Utility functions of pdfTeX for LuaTeX (HO
)
Package pdftexcmds Info: LuaTeX not detected.
Package pdftexcmds Info: pdfTeX >= 1.30 not detected.
Package pdftexcmds Info: \pdf@primitive is available.
Package pdftexcmds Info: \pdf@ifprimitive is available.
Package pdftexcmds Info: \pdfdraftmode not found.
Package: pdfescape 2016/05/16 v1.14 Implements pdfTeX's escape features (HO)
Package: bigintcalc 2016/05/16 v1.4 Expandable calculations on big integers (HO
)
Package: bitset 2016/05/16 v1.2 Handle bit-vector datatype (HO)
Package: uniquecounter 2016/05/16 v1.3 Provide unlimited unique counter (HO)
)
Package hobsub Info: Skipping package `hobsub' (already loaded).
Package: letltxmacro 2016/05/16 v1.5 Let assignment for LaTeX macros (HO)
Package: hopatch 2016/05/16 v1.3 Wrapper for package hooks (HO)
Package: xcolor-patch 2016/05/16 xcolor patch
Package: atveryend 2016/05/16 v1.9 Hooks at the very end of document (HO)
Package atveryend Info: \enddocument detected (standard20110627).
Package: atbegshi 2016/06/09 v1.18 At begin shipout hook (HO)
Package: refcount 2016/05/16 v3.5 Data extraction from label references (HO)
Package: hycolor 2016/05/16 v1.8 Color options for hyperref/bookmark (HO)
)
("C:\Program Files\MiKTeX 2.9\tex\latex\oberdiek\auxhook.sty"
Package: auxhook 2016/05/16 v1.4 Hooks for auxiliary files (HO)
)
("C:\Program Files\MiKTeX 2.9\tex\latex\oberdiek\kvoptions.sty"
Package: kvoptions 2016/05/16 v3.12 Key value format for package options (HO)
)
\@linkdim=\dimen157
\Hy@linkcounter=\count199
\Hy@pagecounter=\count266

("C:\Program Files\MiKTeX 2.9\tex\latex\hyperref\pd1enc.def"
File: pd1enc.def 2017/03/14 v6.85a Hyperref: PDFDocEncoding definition (HO)
)
\Hy@SavedSpaceFactor=\count267

("C:\Program Files\MiKTeX 2.9\tex\latex\00miktex\hyperref.cfg"
File: hyperref.cfg 2002/06/06 v1.2 hyperref configuration of TeXLive
)
Package hyperref Info: Option `colorlinks' set `true' on input line 4374.
Package hyperref Info: Hyper figures OFF on input line 4498.
Package hyperref Info: Link nesting OFF on input line 4503.
Package hyperref Info: Hyper index ON on input line 4506.
Package hyperref Info: Plain pages OFF on input line 4513.
Package hyperref Info: Backreferencing OFF on input line 4518.
Package hyperref Info: Implicit mode ON; LaTeX internals redefined.
Package hyperref Info: Bookmarks ON on input line 4751.
\c@Hy@tempcnt=\count268

("C:\Users\Georgios Gravanis\AppData\Roaming\MiKTeX\2.9\tex\latex\url\url.sty"
\Urlmuskip=\muskip18
Package: url 2013/09/16  ver 3.4  Verb mode for urls, etc.
)
LaTeX Info: Redefining \url on input line 5104.
\XeTeXLinkMargin=\dimen158
\Fld@menulength=\count269
\Field@Width=\dimen159
\Fld@charsize=\dimen160
Package hyperref Info: Hyper figures OFF on input line 6358.
Package hyperref Info: Link nesting OFF on input line 6363.
Package hyperref Info: Hyper index ON on input line 6366.
Package hyperref Info: backreferencing OFF on input line 6373.
Package hyperref Info: Link coloring ON on input line 6376.
Package hyperref Info: Link coloring with OCG OFF on input line 6383.
Package hyperref Info: PDF/A mode OFF on input line 6388.
LaTeX Info: Redefining \ref on input line 6428.
LaTeX Info: Redefining \pageref on input line 6432.
\Hy@abspage=\count270
\c@Item=\count271
\c@Hfootnote=\count272
)

Package hyperref Message: Driver (autodetected): hxetex.

("C:\Program Files\MiKTeX 2.9\tex\latex\hyperref\hxetex.def"
File: hxetex.def 2017/03/14 v6.85a Hyperref driver for XeTeX

("C:\Program Files\MiKTeX 2.9\tex\latex\hyperref\puenc.def"
File: puenc.def 2017/03/14 v6.85a Hyperref: PDF Unicode definition (HO)
)
("C:\Program Files\MiKTeX 2.9\tex\generic\oberdiek\stringenc.sty"
Package: stringenc 2016/05/16 v1.11 Convert strings between diff. encodings (HO
)
)
\pdfm@box=\box47
\c@Hy@AnnotLevel=\count273
\HyField@AnnotCount=\count274
\Fld@listcount=\count275
\c@bookmark@seq@number=\count276

("C:\Program Files\MiKTeX 2.9\tex\latex\oberdiek\rerunfilecheck.sty"
Package: rerunfilecheck 2016/05/16 v1.8 Rerun checks for auxiliary files (HO)
Package rerunfilecheck Info: Feature \pdfmdfivesum is not available
(rerunfilecheck)             (e.g. pdfTeX or LuaTeX with package `pdftexcmds').

(rerunfilecheck)             Therefore file contents cannot be checked efficien
tly
(rerunfilecheck)             and the loading of the package is aborted.
)
\Hy@SectionHShift=\skip52
)
("C:\Program Files\MiKTeX 2.9\tex\latex\tools\array.sty"
Package: array 2016/10/06 v2.4d Tabular extension package (FMi)
\col@sep=\dimen161
\extrarowheight=\dimen162
\NC@list=\toks23
\extratabsurround=\skip53
\backup@length=\skip54
)
("C:\Program Files\MiKTeX 2.9\tex\latex\multirow\multirow.sty"
Package: multirow 2016/11/25 v2.2 Span multiple rows of a table
\multirow@colwidth=\skip55
\multirow@cntb=\count277
\multirow@dima=\skip56
\bigstrutjot=\dimen163
)
("C:\Program Files\MiKTeX 2.9\tex\latex\graphics\color.sty"
Package: color 2016/07/10 v1.1e Standard LaTeX Color (DPC)

("C:\Program Files\MiKTeX 2.9\tex\latex\graphics-cfg\color.cfg"
File: color.cfg 2016/01/02 v1.6 sample color configuration
)
Package color Info: Driver file: xetex.def on input line 147.
)
("C:\Users\Georgios Gravanis\AppData\Roaming\MiKTeX\2.9\tex\latex\listings\list
ings.sty"
\lst@mode=\count278
\lst@gtempboxa=\box48
\lst@token=\toks24
\lst@length=\count279
\lst@currlwidth=\dimen164
\lst@column=\count280
\lst@pos=\count281
\lst@lostspace=\dimen165
\lst@width=\dimen166
\lst@newlines=\count282
\lst@lineno=\count283
\lst@maxwidth=\dimen167

("C:\Users\Georgios Gravanis\AppData\Roaming\MiKTeX\2.9\tex\latex\listings\lstm
isc.sty"
File: lstmisc.sty 2015/06/04 1.6 (Carsten Heinz)
\c@lstnumber=\count284
\lst@skipnumbers=\count285
\lst@framebox=\box49
)
("C:\Users\Georgios Gravanis\AppData\Roaming\MiKTeX\2.9\tex\latex\listings\list
ings.cfg"
File: listings.cfg 2015/06/04 1.6 listings configuration
))
Package: listings 2015/06/04 1.6 (Carsten Heinz)

("C:\Users\Georgios Gravanis\AppData\Roaming\MiKTeX\2.9\tex\latex\listings\lstl
ang1.sty"
File: lstlang1.sty 2015/06/04 1.6 listings language file
) ("C:\Program Files\MiKTeX 2.9\tex\latex\biblatex\biblatex.sty"
Package: biblatex 2017/12/19 v3.10 programmable bibliographies (PK/JW/AB)

("C:\Users\Georgios Gravanis\AppData\Roaming\MiKTeX\2.9\tex\latex\etoolbox\etoo
lbox.sty"
Package: etoolbox 2018/02/11 v2.5e e-TeX tools for LaTeX (JAW)
\etb@tempcnta=\count286
)
("C:\Users\Georgios Gravanis\AppData\Roaming\MiKTeX\2.9\tex\latex\logreq\logreq
.sty"
Package: logreq 2010/08/04 v1.0 xml request logger
\lrq@indent=\count287

("C:\Users\Georgios Gravanis\AppData\Roaming\MiKTeX\2.9\tex\latex\logreq\logreq
.def"
File: logreq.def 2010/08/04 v1.0 logreq spec v1.0
)) ("C:\Program Files\MiKTeX 2.9\tex\latex\base\ifthen.sty"
Package: ifthen 2014/09/29 v1.1c Standard LaTeX ifthen package (DPC)
)
("C:\Users\Georgios Gravanis\AppData\Roaming\MiKTeX\2.9\tex\latex\xstring\xstri
ng.sty"
("C:\Users\Georgios Gravanis\AppData\Roaming\MiKTeX\2.9\tex\generic\xstring\xst
ring.tex"
\@xs@message=\write3
\integerpart=\count288
\decimalpart=\count289
)
Package: xstring 2013/10/13  v1.7c  String manipulations (C Tellechea)
)
\c@tabx@nest=\count290
\c@listtotal=\count291
\c@listcount=\count292
\c@liststart=\count293
\c@liststop=\count294
\c@citecount=\count295
\c@citetotal=\count296
\c@multicitecount=\count297
\c@multicitetotal=\count298
\c@instcount=\count299
\c@maxnames=\count300
\c@minnames=\count301
\c@maxitems=\count302
\c@minitems=\count303
\c@citecounter=\count304
\c@savedcitecounter=\count305
\c@uniquelist=\count306
\c@uniquename=\count307
\c@refsection=\count308
\c@refsegment=\count309
\c@maxextratitle=\count310
\c@maxextratitleyear=\count311
\c@maxextradate=\count312
\c@maxextraalpha=\count313
\c@abbrvpenalty=\count314
\c@highnamepenalty=\count315
\c@lownamepenalty=\count316
\c@maxparens=\count317
\c@parenlevel=\count318
\blx@tempcnta=\count319
\blx@tempcntb=\count320
\blx@tempcntc=\count321
\blx@maxsection=\count322
\blx@maxsegment@0=\count323
\blx@notetype=\count324
\blx@parenlevel@text=\count325
\blx@parenlevel@foot=\count326
\blx@sectionciteorder@0=\count327
\labelnumberwidth=\skip57
\labelalphawidth=\skip58
\biblabelsep=\skip59
\bibitemsep=\skip60
\bibnamesep=\skip61
\bibinitsep=\skip62
\bibparsep=\skip63
\bibhang=\skip64
\blx@bcfin=\read2
\blx@bcfout=\write4
\c@mincomprange=\count328
\c@maxcomprange=\count329
\c@mincompwidth=\count330
Package biblatex Info: Trying to load biblatex default data model...
Package biblatex Info: ... file 'blx-dm.def' found.
 ("C:\Program Files\MiKTeX 2.9\tex\latex\biblatex\blx-dm.def")
Package biblatex Info: Trying to load biblatex style data model...
Package biblatex Info: ... file 'authoryear.dbx' not found.
Package biblatex Info: Trying to load biblatex custom data model...
Package biblatex Info: ... file 'biblatex-dm.cfg' not found.
\c@afterword=\count331
\c@savedafterword=\count332
\c@annotator=\count333
\c@savedannotator=\count334
\c@author=\count335
\c@savedauthor=\count336
\c@bookauthor=\count337
\c@savedbookauthor=\count338
\c@commentator=\count339
\c@savedcommentator=\count340
\c@editor=\count341
\c@savededitor=\count342
\c@editora=\count343
\c@savededitora=\count344
\c@editorb=\count345
\c@savededitorb=\count346
\c@editorc=\count347
\c@savededitorc=\count348
\c@foreword=\count349
\c@savedforeword=\count350
\c@holder=\count351
\c@savedholder=\count352
\c@introduction=\count353
\c@savedintroduction=\count354
\c@namea=\count355
\c@savednamea=\count356
\c@nameb=\count357
\c@savednameb=\count358
\c@namec=\count359
\c@savednamec=\count360
\c@translator=\count361
\c@savedtranslator=\count362
\c@shortauthor=\count363
\c@savedshortauthor=\count364
\c@shorteditor=\count365
\c@savedshorteditor=\count366
\c@labelname=\count367
\c@savedlabelname=\count368
\c@institution=\count369
\c@savedinstitution=\count370
\c@lista=\count371
\c@savedlista=\count372
\c@listb=\count373
\c@savedlistb=\count374
\c@listc=\count375
\c@savedlistc=\count376
\c@listd=\count377
\c@savedlistd=\count378
\c@liste=\count379
\c@savedliste=\count380
\c@listf=\count381
\c@savedlistf=\count382
\c@location=\count383
\c@savedlocation=\count384
\c@organization=\count385
\c@savedorganization=\count386
\c@origlocation=\count387
\c@savedoriglocation=\count388
\c@origpublisher=\count389
\c@savedorigpublisher=\count390
\c@publisher=\count391
\c@savedpublisher=\count392
\c@language=\count393
\c@savedlanguage=\count394
\c@origlanguage=\count395
\c@savedoriglanguage=\count396
\c@pageref=\count397
\c@savedpageref=\count398
\shorthandwidth=\skip65
\shortjournalwidth=\skip66
\shortserieswidth=\skip67
\shorttitlewidth=\skip68
\shortauthorwidth=\skip69
\shorteditorwidth=\skip70
Package biblatex Info: Trying to load enhanced support for Unicode engines...
Package biblatex Info: ... file 'blx-unicode.def' found.

("C:\Program Files\MiKTeX 2.9\tex\latex\biblatex\blx-unicode.def")
Package biblatex Info: Trying to load compatibility code...
Package biblatex Info: ... file 'blx-compat.def' found.

("C:\Program Files\MiKTeX 2.9\tex\latex\biblatex\blx-compat.def"
File: blx-compat.def 2017/12/19 v3.10 biblatex compatibility (PK/JW/AB)
)
Package biblatex Info: Trying to load BibTeX backend compatibility...
Package biblatex Info: ... file 'blx-bibtex.def' found.

("C:\Program Files\MiKTeX 2.9\tex\latex\biblatex\blx-bibtex.def"
File: blx-bibtex.def 2017/12/19 v3.10 biblatex compatibility (PK/JW/AB)


Package biblatex Warning: Using fall-back BibTeX(8) backend:
(biblatex)                functionality may be reduced/unavailable.

)
Package biblatex Info: Trying to load generic definitions...
Package biblatex Info: ... file 'biblatex.def' found.
 ("C:\Program Files\MiKTeX 2.9\tex\latex\biblatex\biblatex.def"
File: biblatex.def 2017/12/19 v3.10 biblatex compatibility (PK/JW/AB)
\c@textcitecount=\count399
\c@textcitetotal=\count400
\c@textcitemaxnames=\count401
\c@biburlnumpenalty=\count402
\c@biburlucpenalty=\count403
\c@biburllcpenalty=\count404
\c@smartand=\count405
)
Package biblatex Info: Trying to load natbib compatibility...
Package biblatex Info: ... file 'blx-natbib.def' found.

("C:\Program Files\MiKTeX 2.9\tex\latex\biblatex\blx-natbib.def"
File: blx-natbib.def 2017/12/19 v3.10 biblatex compatibility (PK/JW/AB)
)
Package biblatex Info: Trying to load bibliography style 'authoryear'...
Package biblatex Info: ... file 'authoryear.bbx' found.

("C:\Program Files\MiKTeX 2.9\tex\latex\biblatex\bbx\authoryear.bbx"
File: authoryear.bbx 2017/12/19 v3.10 biblatex bibliography style (PK/JW/AB)
Package biblatex Info: Trying to load bibliography style 'standard'...
Package biblatex Info: ... file 'standard.bbx' found.

("C:\Program Files\MiKTeX 2.9\tex\latex\biblatex\bbx\standard.bbx"
File: standard.bbx 2017/12/19 v3.10 biblatex bibliography style (PK/JW/AB)
\c@bbx:relatedcount=\count406
\c@bbx:relatedtotal=\count407
))
Package biblatex Info: Trying to load citation style 'authoryear'...
Package biblatex Info: ... file 'authoryear.cbx' found.

("C:\Program Files\MiKTeX 2.9\tex\latex\biblatex\cbx\authoryear.cbx"
File: authoryear.cbx 2017/12/19 v3.10 biblatex citation style (PK/JW/AB)
Package biblatex Info: Redefining '\cite'.
Package biblatex Info: Redefining '\parencite'.
Package biblatex Info: Redefining '\footcite'.
Package biblatex Info: Redefining '\footcitetext'.
Package biblatex Info: Redefining '\smartcite'.
Package biblatex Info: Redefining '\textcite'.
Package biblatex Info: Redefining '\textcites'.
)
Package biblatex Info: Trying to load configuration file...
Package biblatex Info: ... file 'biblatex.cfg' found.

("C:\Program Files\MiKTeX 2.9\tex\latex\biblatex\biblatex.cfg"
File: biblatex.cfg 
))
Package biblatex Info: Trying to load language 'english'...
Package biblatex Info: ... file 'english.lbx' found.

("C:\Program Files\MiKTeX 2.9\tex\latex\biblatex\lbx\english.lbx"
File: english.lbx 2017/12/19 v3.10 biblatex localization (PK/JW/AB)
)
\@quotelevel=\count408
\@quotereset=\count409
 (main.aux)
\openout1 = `main.aux'.

LaTeX Font Info:    Checking defaults for OML/cmm/m/it on input line 67.
LaTeX Font Info:    ... okay on input line 67.
LaTeX Font Info:    Checking defaults for T1/cmr/m/n on input line 67.
LaTeX Font Info:    ... okay on input line 67.
LaTeX Font Info:    Checking defaults for OT1/cmr/m/n on input line 67.
LaTeX Font Info:    ... okay on input line 67.
LaTeX Font Info:    Checking defaults for OMS/cmsy/m/n on input line 67.
LaTeX Font Info:    ... okay on input line 67.
LaTeX Font Info:    Checking defaults for TU/lmr/m/n on input line 67.
LaTeX Font Info:    ... okay on input line 67.
LaTeX Font Info:    Checking defaults for OMX/cmex/m/n on input line 67.
LaTeX Font Info:    ... okay on input line 67.
LaTeX Font Info:    Checking defaults for U/cmr/m/n on input line 67.
LaTeX Font Info:    ... okay on input line 67.
LaTeX Font Info:    Checking defaults for TS1/cmr/m/n on input line 67.
LaTeX Font Info:    ... okay on input line 67.
LaTeX Font Info:    Checking defaults for PD1/pdf/m/n on input line 67.
LaTeX Font Info:    ... okay on input line 67.
LaTeX Font Info:    Checking defaults for PU/pdf/m/n on input line 67.
LaTeX Font Info:    ... okay on input line 67.

*geometry* detected driver: pdftex
*geometry* verbose mode - [ preamble ] result:
* driver: pdftex
* paper: a4paper
* layout: <same size as paper>
* layoutoffset:(h,v)=(0.0pt,0.0pt)
* modes: 
* h-part:(L,W,R)=(72.26999pt, 452.9679pt, 72.26999pt)
* v-part:(T,H,B)=(72.26999pt, 700.50687pt, 72.26999pt)
* \paperwidth=597.50787pt
* \paperheight=845.04684pt
* \textwidth=452.9679pt
* \textheight=700.50687pt
* \oddsidemargin=0.0pt
* \evensidemargin=0.0pt
* \topmargin=-37.0pt
* \headheight=12.0pt
* \headsep=25.0pt
* \topskip=12.0pt
* \footskip=30.0pt
* \marginparwidth=35.0pt
* \marginparsep=10.0pt
* \columnsep=10.0pt
* \skip\footins=10.8pt plus 4.0pt minus 2.0pt
* \hoffset=0.0pt
* \voffset=0.0pt
* \mag=1000
* \@twocolumnfalse
* \@twosidefalse
* \@mparswitchfalse
* \@reversemarginfalse
* (1in=72.27pt=25.4mm, 1cm=28.453pt)

LaTeX Font Info:    Overwriting math alphabet `\mathrm' in version `normal'
(Font)                  OT1/cmr/m/n --> TU/LinuxLibertineO(0)/m/n on input line
 67.
LaTeX Font Info:    Overwriting math alphabet `\mathit' in version `normal'
(Font)                  OT1/cmr/m/it --> TU/LinuxLibertineO(0)/m/it on input li
ne 67.
LaTeX Font Info:    Overwriting math alphabet `\mathbf' in version `normal'
(Font)                  OT1/cmr/bx/n --> TU/LinuxLibertineO(0)/bx/n on input li
ne 67.
LaTeX Font Info:    Overwriting math alphabet `\mathsf' in version `normal'
(Font)                  OT1/cmss/m/n --> TU/lmss/m/n on input line 67.
LaTeX Font Info:    Overwriting math alphabet `\mathsf' in version `bold'
(Font)                  OT1/cmss/bx/n --> TU/lmss/bx/n on input line 67.
LaTeX Font Info:    Overwriting math alphabet `\mathtt' in version `normal'
(Font)                  OT1/cmtt/m/n --> TU/lmtt/m/n on input line 67.
LaTeX Font Info:    Overwriting math alphabet `\mathtt' in version `bold'
(Font)                  OT1/cmtt/m/n --> TU/lmtt/bx/n on input line 67.
\g__fontspec_family_latinmodern-math.otf_int=\count410
.................................................
. fontspec info: "defining-font"
. 
. Font family 'latinmodern-math.otf(0)' created for font
. 'latinmodern-math.otf' with options
. [BoldItalicFont={},ItalicFont={},Script=Math,BoldFont={latinmodern-math.otf}]
.
.  
.  This font family consists of the following NFSS series/shapes:
.  
. - 'normal' (m/n) with NFSS spec.:
. <->"[latinmodern-math.otf]/OT:script=math;language=DFLT;"
. - 'small caps'  (m/sc) with NFSS spec.: 
. - 'bold' (bx/n) with NFSS spec.:
. <->"[latinmodern-math.otf]/OT:script=math;language=DFLT;"
. - 'bold small caps'  (bx/sc) with NFSS spec.: 
.................................................
.................................................
. fontspec info: "defining-font"
. 
. Font family 'latinmodern-math.otf(1)' created for font
. 'latinmodern-math.otf' with options
. [BoldItalicFont={},ItalicFont={},Script=Math,SizeFeatures={{Size=10-},{Size=7
-10,Font=latinmodern-math.otf,Style=MathScript},{Size=-7,Font=latinmodern-math.
otf,Style=MathScriptScript}},BoldFont={latinmodern-math.otf}].
.  
.  This font family consists of the following NFSS series/shapes:
.  
. - 'normal' (m/n) with NFSS spec.:
. <10->"[latinmodern-math.otf]/OT:script=math;language=DFLT;"<7-10>"[latinmoder
n-math.otf]/OT:script=math;language=DFLT;+ssty=0;"<-7>"[latinmodern-math.otf]/O
T:script=math;language=DFLT;+ssty=1;"
. - 'small caps'  (m/sc) with NFSS spec.: 
. - 'bold' (bx/n) with NFSS spec.:
. <->"[latinmodern-math.otf]/OT:script=math;language=DFLT;"
. - 'bold small caps'  (bx/sc) with NFSS spec.: 
.................................................
LaTeX Font Info:    Encoding `OT1' has changed to `TU' for symbol font
(Font)              `operators' in the math version `normal' on input line 67.
LaTeX Font Info:    Overwriting symbol font `operators' in version `normal'
(Font)                  OT1/cmr/m/n --> TU/latinmodern-math.otf(1)/m/n on input
 line 67.
LaTeX Font Info:    Encoding `OT1' has changed to `TU' for symbol font
(Font)              `operators' in the math version `bold' on input line 67.
LaTeX Font Info:    Overwriting symbol font `operators' in version `bold'
(Font)                  OT1/cmr/bx/n --> TU/latinmodern-math.otf(1)/bx/n on inp
ut line 67.
.................................................
. fontspec info: "defining-font"
. 
. Font family 'latinmodern-math.otf(2)' created for font
. 'latinmodern-math.otf' with options
. [BoldItalicFont={},ItalicFont={},Script=Math,SizeFeatures={{Size=10-},{Size=7
-10,Font=latinmodern-math.otf,Style=MathScript},{Size=-7,Font=latinmodern-math.
otf,Style=MathScriptScript}},BoldFont={latinmodern-math.otf},Scale=1.00001,Font
Adjustment={\fontdimen
. 8\font =8.124pt\relax \fontdimen 9\font =4.728pt\relax \fontdimen 10\font
. =5.328pt\relax \fontdimen 11\font =8.232pt\relax \fontdimen 12\font
. =4.14pt\relax \fontdimen 13\font =4.356pt\relax \fontdimen 14\font
. =4.356pt\relax \fontdimen 15\font =3.468pt\relax \fontdimen 16\font
. =2.964pt\relax \fontdimen 17\font =2.964pt\relax \fontdimen 18\font
. =3.0pt\relax \fontdimen 19\font =2.4pt\relax \fontdimen 22\font =3.0pt\relax
. \fontdimen 20\font =0pt\relax \fontdimen 21\font =0pt\relax }].
.  
.  This font family consists of the following NFSS series/shapes:
.  
. - 'normal' (m/n) with NFSS spec.:
. <10->s*[1.00001]"[latinmodern-math.otf]/OT:script=math;language=DFLT;"<7-10>s
*[1.00001]"[latinmodern-math.otf]/OT:script=math;language=DFLT;+ssty=0;"<-7>s*[
1.00001]"[latinmodern-math.otf]/OT:script=math;language=DFLT;+ssty=1;"
. - 'small caps'  (m/sc) with NFSS spec.: 
. and font adjustment code:
. \fontdimen 8\font =8.124pt\relax \fontdimen 9\font =4.728pt\relax \fontdimen
. 10\font =5.328pt\relax \fontdimen 11\font =8.232pt\relax \fontdimen 12\font
. =4.14pt\relax \fontdimen 13\font =4.356pt\relax \fontdimen 14\font
. =4.356pt\relax \fontdimen 15\font =3.468pt\relax \fontdimen 16\font
. =2.964pt\relax \fontdimen 17\font =2.964pt\relax \fontdimen 18\font
. =3.0pt\relax \fontdimen 19\font =2.4pt\relax \fontdimen 22\font =3.0pt\relax
. \fontdimen 20\font =0pt\relax \fontdimen 21\font =0pt\relax 
. - 'bold' (bx/n) with NFSS spec.:
. <->s*[1.00001]"[latinmodern-math.otf]/OT:script=math;language=DFLT;"
. - 'bold small caps'  (bx/sc) with NFSS spec.: 
. and font adjustment code:
. \fontdimen 8\font =8.124pt\relax \fontdimen 9\font =4.728pt\relax \fontdimen
. 10\font =5.328pt\relax \fontdimen 11\font =8.232pt\relax \fontdimen 12\font
. =4.14pt\relax \fontdimen 13\font =4.356pt\relax \fontdimen 14\font
. =4.356pt\relax \fontdimen 15\font =3.468pt\relax \fontdimen 16\font
. =2.964pt\relax \fontdimen 17\font =2.964pt\relax \fontdimen 18\font
. =3.0pt\relax \fontdimen 19\font =2.4pt\relax \fontdimen 22\font =3.0pt\relax
. \fontdimen 20\font =0pt\relax \fontdimen 21\font =0pt\relax 
.................................................
LaTeX Font Info:    Encoding `OMS' has changed to `TU' for symbol font
(Font)              `symbols' in the math version `normal' on input line 67.
LaTeX Font Info:    Overwriting symbol font `symbols' in version `normal'
(Font)                  OMS/cmsy/m/n --> TU/latinmodern-math.otf(2)/m/n on inpu
t line 67.
LaTeX Font Info:    Encoding `OMS' has changed to `TU' for symbol font
(Font)              `symbols' in the math version `bold' on input line 67.
LaTeX Font Info:    Overwriting symbol font `symbols' in version `bold'
(Font)                  OMS/cmsy/b/n --> TU/latinmodern-math.otf(2)/bx/n on inp
ut line 67.
.................................................
. fontspec info: "defining-font"
. 
. Font family 'latinmodern-math.otf(3)' created for font
. 'latinmodern-math.otf' with options
. [BoldItalicFont={},ItalicFont={},Script=Math,SizeFeatures={{Size=10-},{Size=7
-10,Font=latinmodern-math.otf,Style=MathScript},{Size=-7,Font=latinmodern-math.
otf,Style=MathScriptScript}},BoldFont={latinmodern-math.otf},Scale=0.99999,Font
Adjustment={\fontdimen
. 8\font =0.48pt\relax \fontdimen 9\font =2.4pt\relax \fontdimen 10\font
. =2.004pt\relax \fontdimen 11\font =1.332pt\relax \fontdimen 12\font
. =7.2pt\relax \fontdimen 13\font =0pt\relax }].
.  
.  This font family consists of the following NFSS series/shapes:
.  
. - 'normal' (m/n) with NFSS spec.:
. <10->s*[0.99999]"[latinmodern-math.otf]/OT:script=math;language=DFLT;"<7-10>s
*[0.99999]"[latinmodern-math.otf]/OT:script=math;language=DFLT;+ssty=0;"<-7>s*[
0.99999]"[latinmodern-math.otf]/OT:script=math;language=DFLT;+ssty=1;"
. - 'small caps'  (m/sc) with NFSS spec.: 
. and font adjustment code:
. \fontdimen 8\font =0.48pt\relax \fontdimen 9\font =2.4pt\relax \fontdimen
. 10\font =2.004pt\relax \fontdimen 11\font =1.332pt\relax \fontdimen 12\font
. =7.2pt\relax \fontdimen 13\font =0pt\relax 
. - 'bold' (bx/n) with NFSS spec.:
. <->s*[0.99999]"[latinmodern-math.otf]/OT:script=math;language=DFLT;"
. - 'bold small caps'  (bx/sc) with NFSS spec.: 
. and font adjustment code:
. \fontdimen 8\font =0.48pt\relax \fontdimen 9\font =2.4pt\relax \fontdimen
. 10\font =2.004pt\relax \fontdimen 11\font =1.332pt\relax \fontdimen 12\font
. =7.2pt\relax \fontdimen 13\font =0pt\relax 
.................................................
LaTeX Font Info:    Encoding `OMX' has changed to `TU' for symbol font
(Font)              `largesymbols' in the math version `normal' on input line 6
7.
LaTeX Font Info:    Overwriting symbol font `largesymbols' in version `normal'
(Font)                  OMX/cmex/m/n --> TU/latinmodern-math.otf(3)/m/n on inpu
t line 67.
LaTeX Font Info:    Encoding `OMX' has changed to `TU' for symbol font
(Font)              `largesymbols' in the math version `bold' on input line 67.

LaTeX Font Info:    Overwriting symbol font `largesymbols' in version `bold'
(Font)                  OMX/cmex/m/n --> TU/latinmodern-math.otf(3)/bx/n on inp
ut line 67.
\AtBeginShipoutBox=\box50
Package hyperref Info: Link coloring ON on input line 67.
("C:\Program Files\MiKTeX 2.9\tex\latex\hyperref\nameref.sty"
Package: nameref 2016/05/21 v2.44 Cross-referencing by name of section

("C:\Program Files\MiKTeX 2.9\tex\generic\oberdiek\gettitlestring.sty"
Package: gettitlestring 2016/05/16 v1.5 Cleanup title references (HO)
)
\c@section@level=\count411
)
LaTeX Info: Redefining \ref on input line 67.
LaTeX Info: Redefining \pageref on input line 67.
LaTeX Info: Redefining \nameref on input line 67.

(main.out) (main.out)
\@outlinefile=\write5
\openout5 = `main.out'.

\c@lstlisting=\count412
Package biblatex Info: XeTeX detected.
(biblatex)             Assuming input encoding 'utf8'.
Package biblatex Info: Automatic encoding selection.
(biblatex)             Assuming data encoding 'utf8'.
Package biblatex Info: Input encoding 'utf8' specified.
Package biblatex Info: Data encoding 'utf8' specified.
(biblatex)             No need to reencode data.
\openout4 = `main-blx.bib'.

Package biblatex Info: Trying to load bibliographic data...
Package biblatex Info: ... file 'main.bbl' found.
 (main.bbl

Package biblatex Warning: BibTeX reported the following issues
(biblatex)                with 'Bird:2006':
(biblatex)                - Can't use 'location' + 'address'.


Package biblatex Warning: BibTeX reported the following issues
(biblatex)                with 'spacy':
(biblatex)                - Invalid format of field 'month'.


Package biblatex Warning: BibTeX reported the following issues
(biblatex)                with 'Soleimani':
(biblatex)                - Can't use 'location' + 'address'.

)
Package biblatex Info: Reference section=0 on input line 67.
Package biblatex Info: Reference segment=0 on input line 67.
File: figs/csd.png Graphic file (type bmp)
<figs/csd.png>
 ("C:\Program Files\MiKTeX 2.9\tex\generic\oberdiek\se-ascii-print.def"
File: se-ascii-print.def 2016/05/16 v1.11 stringenc: Printable ASCII characters

)
[1

] (main.toc
LaTeX Font Info:    Font shape `TU/latinmodern-math.otf(2)/m/n' will be
(Font)              scaled to size 12.00018pt on input line 5.
LaTeX Font Info:    Font shape `TU/latinmodern-math.otf(2)/m/n' will be
(Font)              scaled to size 8.41495pt on input line 5.
LaTeX Font Info:    Font shape `TU/latinmodern-math.otf(2)/m/n' will be
(Font)              scaled to size 5.97696pt on input line 5.
LaTeX Font Info:    Font shape `TU/latinmodern-math.otf(3)/m/n' will be
(Font)              scaled to size 11.99982pt on input line 5.
LaTeX Font Info:    Font shape `TU/latinmodern-math.otf(3)/m/n' will be
(Font)              scaled to size 8.41469pt on input line 5.
LaTeX Font Info:    Font shape `TU/latinmodern-math.otf(3)/m/n' will be
(Font)              scaled to size 5.97679pt on input line 5.
)
\tf@toc=\write6
\openout6 = `main.toc'.

 (text.tex
Overfull \hbox (5.92412pt too wide) in paragraph at lines 8--9
[][]\TU/LinuxLibertineO(0)/m/n/12  [][] [][] [][] [][]
 [][] [][] [][] [][] [][] [][] []site delicious.
com
 []

[1]
.................................................
. fontspec info: "defining-font"
. 
. Font family 'LinuxLibertineO(1)' created for font 'Linux Libertine O' with
. options
. [Ligatures=TeX,Kerning=On,Mapping=tex-text,VerticalPosition=Superior].
.  
.  This font family consists of the following NFSS series/shapes:
.  
. - 'normal' (m/n) with NFSS spec.: <->"Linux Libertine
. O/OT:script=latn;language=DFLT;+kern;+sups;mapping=tex-text;"
. - 'small caps'  (m/sc) with NFSS spec.: <->"Linux Libertine
. O/OT:script=latn;language=DFLT;+kern;+sups;+smcp;mapping=tex-text;"
. - 'bold' (bx/n) with NFSS spec.: <->"Linux Libertine
. O/B/OT:script=latn;language=DFLT;+kern;+sups;mapping=tex-text;"
. - 'bold small caps'  (bx/sc) with NFSS spec.: <->"Linux Libertine
. O/B/OT:script=latn;language=DFLT;+kern;+sups;+smcp;mapping=tex-text;"
. - 'italic' (m/it) with NFSS spec.: <->"Linux Libertine
. O/I/OT:script=latn;language=DFLT;+kern;+sups;mapping=tex-text;"
. - 'italic small caps'  (m/itsc) with NFSS spec.: <->"Linux Libertine
. O/I/OT:script=latn;language=DFLT;+kern;+sups;+smcp;mapping=tex-text;"
. - 'bold italic' (bx/it) with NFSS spec.: <->"Linux Libertine
. O/BI/OT:script=latn;language=DFLT;+kern;+sups;mapping=tex-text;"
. - 'bold italic small caps'  (bx/itsc) with NFSS spec.: <->"Linux Libertine
. O/BI/OT:script=latn;language=DFLT;+kern;+sups;+smcp;mapping=tex-text;"
.................................................
 [2]
Overfull \hbox (2.44725pt too wide) in paragraph at lines 59--59
 []|\TU/lmtt/m/n/12 Abbr.| 
 []


Overfull \hbox (4.40495pt too wide) in paragraph at lines 59--59
 []|\TU/lmtt/m/n/12 Instances| 
 []


Overfull \hbox (3.91542pt too wide) in paragraph at lines 59--60
 []|\TU/lmtt/m/n/12 Balanced| 
 []


Underfull \hbox (badness 10000) in paragraph at lines 78--79

 []

[3]
Underfull \hbox (badness 10000) in paragraph at lines 80--82

 []


LaTeX Warning: Reference `tab:boxplots' on page 4 undefined on input line 90.

File: figs/learning_curves.png Graphic file (type bmp)
<figs/learning_curves.png>
File: figs/learning_curves2.png Graphic file (type bmp)
<figs/learning_curves2.png>
[4] [5] [6]

LaTeX Warning: File `CD.png' not found on input line 188.

! Unable to load picture or PDF file 'CD.png'.
<to be read again> 
                   }
l.188 ^^I\includegraphics{CD.png}
                                  %[width=0.6\textwidth]
The requested image couldn't be read because
it was not a recognized image format.

File: CD.png Graphic file (type bmp)
<CD.png>
[7] [8]

LaTeX Warning: No positions in optional float specifier.
               Default added (so using `tbp') on input line 205.

[9]
Overfull \hbox (3.93114pt too wide) in paragraph at lines 239--240
\TU/LinuxLibertineO(0)/m/n/12  []scikit - learn ([]Pedregosa et al., [
][]2011[][]) [] [][] [][] [][] [][] []imbalanced-
 []

File: figs/diagram.png Graphic file (type bmp)
<figs/diagram.png>

Underfull \hbox (badness 10000) in paragraph at lines 276--280

 []

[10] [11]) [12]
Package atveryend Info: Empty hook `BeforeClearDocument' on input line 133.
 [13

]
Package atveryend Info: Empty hook `AfterLastShipout' on input line 133.
 (main.aux)
Package atveryend Info: Empty hook `AtVeryEndDocument' on input line 133.
Package atveryend Info: Empty hook `AtEndAfterFileList' on input line 133.


LaTeX Warning: There were undefined references.


LaTeX Warning: Label(s) may have changed. Rerun to get cross-references right.


Package biblatex Warning: Please rerun LaTeX.
(biblatex)                Page breaks have changed.

Package logreq Info: Writing requests to 'main.run.xml'.
\openout1 = `main.run.xml'.

Package atveryend Info: Empty hook `AtVeryVeryEnd' on input line 133.
 ) 
Here is how much of TeX's memory you used:
 31803 strings out of 427839
 577892 string characters out of 3152538
 976184 words of memory out of 3000000
 35518 multiletter control sequences out of 15000+200000
 533430 words of font info for 64 fonts, out of 3000000 for 9000
 1328 hyphenation exceptions out of 8191
 46i,11n,68p,10437b,4758s stack positions out of 5000i,500n,10000p,200000b,50000s

Output written on main.pdf (14 pages).
